<?xml version="1.0" encoding="UTF-8"?>
<!-- Generated by org.testng.reporters.JUnitReportReporter -->
<testsuite skipped="0" hostname="Millan" name="webAutomation.autoTestClass" tests="1" failures="0" timestamp="11 Mar 2018 14:03:52 GMT" time="7.739" errors="0">
  <testcase name="verifySearchButton" time="7.739" classname="webAutomation.autoTestClass"/>
</testsuite> <!-- webAutomation.autoTestClass -->
